0 info it worked if it ends with ok
1 verbose cli [ 'C:\\Program Files\\nodejs\\node.exe',
1 verbose cli   'C:\\Program Files\\nodejs\\node_modules\\npm\\bin\\npm-cli.js',
1 verbose cli   'install',
1 verbose cli   'zlib' ]
2 info using npm@3.10.10
3 info using node@v6.9.4
4 silly loadCurrentTree Starting
5 silly install loadCurrentTree
6 silly install readLocalPackageData
7 silly fetchPackageMetaData zlib
8 silly fetchNamedPackageData zlib
9 silly mapToRegistry name zlib
10 silly mapToRegistry using default registry
11 silly mapToRegistry registry https://registry.npmjs.org/
12 silly mapToRegistry data Result {
12 silly mapToRegistry   raw: 'zlib',
12 silly mapToRegistry   scope: null,
12 silly mapToRegistry   escapedName: 'zlib',
12 silly mapToRegistry   name: 'zlib',
12 silly mapToRegistry   rawSpec: '',
12 silly mapToRegistry   spec: 'latest',
12 silly mapToRegistry   type: 'tag' }
13 silly mapToRegistry uri https://registry.npmjs.org/zlib
14 verbose request uri https://registry.npmjs.org/zlib
15 verbose request no auth needed
16 info attempt registry request try #1 at 19:20:14
17 verbose request id 629b04fb4c31ca0b
18 verbose etag W/"59018531-17d3"
19 verbose lastModified Thu, 27 Apr 2017 05:44:17 GMT
20 http request GET https://registry.npmjs.org/zlib
21 http 304 https://registry.npmjs.org/zlib
22 verbose headers { date: 'Thu, 08 Jun 2017 17:20:13 GMT',
22 verbose headers   via: '1.1 varnish',
22 verbose headers   'cache-control': 'max-age=300',
22 verbose headers   etag: 'W/"59018531-17d3"',
22 verbose headers   age: '193',
22 verbose headers   connection: 'keep-alive',
22 verbose headers   'x-served-by': 'cache-fra1227-FRA',
22 verbose headers   'x-cache': 'HIT',
22 verbose headers   'x-cache-hits': '1',
22 verbose headers   'x-timer': 'S1496942413.409073,VS0,VE0',
22 verbose headers   vary: 'Accept-Encoding' }
23 silly get cb [ 304,
23 silly get   { date: 'Thu, 08 Jun 2017 17:20:13 GMT',
23 silly get     via: '1.1 varnish',
23 silly get     'cache-control': 'max-age=300',
23 silly get     etag: 'W/"59018531-17d3"',
23 silly get     age: '193',
23 silly get     connection: 'keep-alive',
23 silly get     'x-served-by': 'cache-fra1227-FRA',
23 silly get     'x-cache': 'HIT',
23 silly get     'x-cache-hits': '1',
23 silly get     'x-timer': 'S1496942413.409073,VS0,VE0',
23 silly get     vary: 'Accept-Encoding' } ]
24 verbose etag https://registry.npmjs.org/zlib from cache
25 verbose get saving zlib to C:\Users\andre\AppData\Roaming\npm-cache\registry.npmjs.org\zlib\.cache.json
26 verbose correctMkdir C:\Users\andre\AppData\Roaming\npm-cache correctMkdir not in flight; initializing
27 silly install normalizeTree
28 silly loadCurrentTree Finishing
29 silly loadIdealTree Starting
30 silly install loadIdealTree
31 silly cloneCurrentTree Starting
32 silly install cloneCurrentTreeToIdealTree
33 silly cloneCurrentTree Finishing
34 silly loadShrinkwrap Starting
35 silly install loadShrinkwrap
36 silly loadShrinkwrap Finishing
37 silly loadAllDepsIntoIdealTree Starting
38 silly install loadAllDepsIntoIdealTree
39 silly resolveWithNewModule zlib@1.0.5 checking installable status
40 silly cache add args [ 'zlib', null ]
41 verbose cache add spec zlib
42 silly cache add parsed spec Result {
42 silly cache add   raw: 'zlib',
42 silly cache add   scope: null,
42 silly cache add   escapedName: 'zlib',
42 silly cache add   name: 'zlib',
42 silly cache add   rawSpec: '',
42 silly cache add   spec: 'latest',
42 silly cache add   type: 'tag' }
43 silly addNamed zlib@latest
44 verbose addNamed "latest" is being treated as a dist-tag for zlib
45 info addNameTag [ 'zlib', 'latest' ]
46 silly mapToRegistry name zlib
47 silly mapToRegistry using default registry
48 silly mapToRegistry registry https://registry.npmjs.org/
49 silly mapToRegistry data Result {
49 silly mapToRegistry   raw: 'zlib',
49 silly mapToRegistry   scope: null,
49 silly mapToRegistry   escapedName: 'zlib',
49 silly mapToRegistry   name: 'zlib',
49 silly mapToRegistry   rawSpec: '',
49 silly mapToRegistry   spec: 'latest',
49 silly mapToRegistry   type: 'tag' }
50 silly mapToRegistry uri https://registry.npmjs.org/zlib
51 verbose addNameTag registry:https://registry.npmjs.org/zlib not in flight; fetching
52 verbose get https://registry.npmjs.org/zlib not expired, no request
53 silly addNameTag next cb for zlib with tag latest
54 silly addNamed zlib@1.0.5
55 verbose addNamed "1.0.5" is a plain semver version for zlib
56 silly cache afterAdd zlib@1.0.5
57 verbose afterAdd C:\Users\andre\AppData\Roaming\npm-cache\zlib\1.0.5\package\package.json not in flight; writing
58 verbose correctMkdir C:\Users\andre\AppData\Roaming\npm-cache correctMkdir not in flight; initializing
59 verbose afterAdd C:\Users\andre\AppData\Roaming\npm-cache\zlib\1.0.5\package\package.json written
60 silly fetchNamedPackageData fsevents
61 silly mapToRegistry name fsevents
62 silly mapToRegistry using default registry
63 silly mapToRegistry registry https://registry.npmjs.org/
64 silly mapToRegistry data Result {
64 silly mapToRegistry   raw: 'fsevents',
64 silly mapToRegistry   scope: null,
64 silly mapToRegistry   escapedName: 'fsevents',
64 silly mapToRegistry   name: 'fsevents',
64 silly mapToRegistry   rawSpec: '',
64 silly mapToRegistry   spec: 'latest',
64 silly mapToRegistry   type: 'tag' }
65 silly mapToRegistry uri https://registry.npmjs.org/fsevents
66 verbose request uri https://registry.npmjs.org/fsevents
67 verbose request no auth needed
68 info attempt registry request try #1 at 19:20:15
69 verbose etag W/"5924f6b0-d606"
70 verbose lastModified Wed, 24 May 2017 02:57:52 GMT
71 http request GET https://registry.npmjs.org/fsevents
72 http 304 https://registry.npmjs.org/fsevents
73 verbose headers { date: 'Thu, 08 Jun 2017 17:20:13 GMT',
73 verbose headers   via: '1.1 varnish',
73 verbose headers   'cache-control': 'max-age=300',
73 verbose headers   etag: 'W/"5924f6b0-d606"',
73 verbose headers   age: '56',
73 verbose headers   connection: 'keep-alive',
73 verbose headers   'x-served-by': 'cache-fra1227-FRA',
73 verbose headers   'x-cache': 'HIT',
73 verbose headers   'x-cache-hits': '4',
73 verbose headers   'x-timer': 'S1496942414.867386,VS0,VE0',
73 verbose headers   vary: 'Accept-Encoding' }
74 silly get cb [ 304,
74 silly get   { date: 'Thu, 08 Jun 2017 17:20:13 GMT',
74 silly get     via: '1.1 varnish',
74 silly get     'cache-control': 'max-age=300',
74 silly get     etag: 'W/"5924f6b0-d606"',
74 silly get     age: '56',
74 silly get     connection: 'keep-alive',
74 silly get     'x-served-by': 'cache-fra1227-FRA',
74 silly get     'x-cache': 'HIT',
74 silly get     'x-cache-hits': '4',
74 silly get     'x-timer': 'S1496942414.867386,VS0,VE0',
74 silly get     vary: 'Accept-Encoding' } ]
75 verbose etag https://registry.npmjs.org/fsevents from cache
76 verbose get saving fsevents to C:\Users\andre\AppData\Roaming\npm-cache\registry.npmjs.org\fsevents\.cache.json
77 verbose correctMkdir C:\Users\andre\AppData\Roaming\npm-cache correctMkdir not in flight; initializing
78 silly resolveWithNewModule fsevents@1.1.1 checking installable status
79 silly loadAllDepsIntoIdealTree Finishing
80 silly loadIdealTree Finishing
81 silly currentTree angular-seed@0.0.0
81 silly currentTree +-- @types/jasmine@2.5.51
81 silly currentTree +-- @types/node@6.0.78
81 silly currentTree +-- @types/q@0.0.32
81 silly currentTree +-- @types/selenium-webdriver@2.53.37
81 silly currentTree +-- accepts@1.3.3
81 silly currentTree +-- adm-zip@0.4.7
81 silly currentTree +-- after@0.8.2
81 silly currentTree +-- agent-base@2.1.1
81 silly currentTree | `-- semver@5.0.3
81 silly currentTree +-- ajv@4.11.8
81 silly currentTree +-- ansi-regex@2.1.1
81 silly currentTree +-- ansi-styles@2.2.1
81 silly currentTree +-- anymatch@1.3.0
81 silly currentTree +-- arr-diff@2.0.0
81 silly currentTree +-- arr-flatten@1.0.3
81 silly currentTree +-- array-slice@0.2.3
81 silly currentTree +-- array-union@1.0.2
81 silly currentTree +-- array-uniq@1.0.3
81 silly currentTree +-- array-unique@0.2.1
81 silly currentTree +-- arraybuffer.slice@0.0.6
81 silly currentTree +-- arrify@1.0.1
81 silly currentTree +-- asn1@0.2.3
81 silly currentTree +-- assert-plus@0.2.0
81 silly currentTree +-- async-each@1.0.1
81 silly currentTree +-- async@0.9.0
81 silly currentTree +-- asynckit@0.4.0
81 silly currentTree +-- aws-sign2@0.6.0
81 silly currentTree +-- aws4@1.6.0
81 silly currentTree +-- backo2@1.0.2
81 silly currentTree +-- balanced-match@0.4.2
81 silly currentTree +-- base-64@0.1.0
81 silly currentTree +-- base64-arraybuffer@0.1.5
81 silly currentTree +-- base64id@1.0.0
81 silly currentTree +-- batch@0.5.3
81 silly currentTree +-- bcrypt-pbkdf@1.0.1
81 silly currentTree +-- better-assert@1.0.2
81 silly currentTree +-- binary-extensions@1.8.0
81 silly currentTree +-- blob@0.0.4
81 silly currentTree +-- bluebird@2.11.0
81 silly currentTree +-- body-parser@1.17.2
81 silly currentTree | +-- iconv-lite@0.4.15
81 silly currentTree | `-- qs@6.4.0
81 silly currentTree +-- boom@2.10.1
81 silly currentTree +-- bower@1.8.0
81 silly currentTree +-- brace-expansion@1.1.7
81 silly currentTree +-- braces@1.8.5
81 silly currentTree +-- britecharts@1.6.0
81 silly currentTree +-- bytes@2.4.0
81 silly currentTree +-- callsite@1.0.0
81 silly currentTree +-- caseless@0.12.0
81 silly currentTree +-- chalk@1.1.3
81 silly currentTree +-- chart.js@2.6.0
81 silly currentTree +-- chartjs-color-string@0.4.0
81 silly currentTree +-- chartjs-color@2.1.0
81 silly currentTree +-- chokidar@1.7.0
81 silly currentTree +-- co@4.6.0
81 silly currentTree +-- color-convert@0.5.3
81 silly currentTree +-- color-name@1.1.2
81 silly currentTree +-- colors@1.0.3
81 silly currentTree +-- combined-stream@1.0.5
81 silly currentTree +-- commander@2.9.0
81 silly currentTree +-- component-bind@1.0.0
81 silly currentTree +-- component-emitter@1.1.2
81 silly currentTree +-- component-inherit@0.0.3
81 silly currentTree +-- concat-map@0.0.1
81 silly currentTree +-- connect@3.6.2
81 silly currentTree +-- content-type@1.0.2
81 silly currentTree +-- cookie@0.3.1
81 silly currentTree +-- core-js@2.4.1
81 silly currentTree +-- core-util-is@1.0.2
81 silly currentTree +-- corser@2.0.1
81 silly currentTree +-- cryptiles@2.0.5
81 silly currentTree +-- custom-event@1.0.1
81 silly currentTree +-- d3-array@1.2.0
81 silly currentTree +-- d3-axis@1.0.7
81 silly currentTree +-- d3-brush@1.0.4
81 silly currentTree +-- d3-chord@1.0.4
81 silly currentTree +-- d3-collection@1.0.3
81 silly currentTree +-- d3-color@1.0.3
81 silly currentTree +-- d3-dispatch@1.0.3
81 silly currentTree +-- d3-drag@1.1.0
81 silly currentTree +-- d3-dsv@1.0.5
81 silly currentTree +-- d3-ease@1.0.3
81 silly currentTree +-- d3-force@1.0.6
81 silly currentTree +-- d3-format@1.2.0
81 silly currentTree +-- d3-geo@1.6.4
81 silly currentTree +-- d3-hierarchy@1.1.4
81 silly currentTree +-- d3-interpolate@1.1.5
81 silly currentTree +-- d3-path@1.0.5
81 silly currentTree +-- d3-polygon@1.0.3
81 silly currentTree +-- d3-quadtree@1.0.3
81 silly currentTree +-- d3-queue@3.0.7
81 silly currentTree +-- d3-random@1.1.0
81 silly currentTree +-- d3-request@1.0.5
81 silly currentTree +-- d3-scale@1.0.6
81 silly currentTree +-- d3-selection@1.1.0
81 silly currentTree +-- d3-shape@1.1.1
81 silly currentTree +-- d3-time-format@2.0.5
81 silly currentTree +-- d3-time@1.0.6
81 silly currentTree +-- d3-timer@1.0.5
81 silly currentTree +-- d3-transition@1.1.0
81 silly currentTree +-- d3-voronoi@1.1.2
81 silly currentTree +-- d3-zoom@1.2.0
81 silly currentTree +-- d3@4.9.1
81 silly currentTree +-- dashdash@1.14.1
81 silly currentTree | `-- assert-plus@1.0.0
81 silly currentTree +-- debug@2.6.7
81 silly currentTree +-- del@2.2.2
81 silly currentTree +-- delayed-stream@1.0.0
81 silly currentTree +-- depd@1.1.0
81 silly currentTree +-- di@0.0.1
81 silly currentTree +-- dom-serialize@2.2.1
81 silly currentTree +-- drag-and-drop-files@0.0.1
81 silly currentTree +-- ecc-jsbn@0.1.1
81 silly currentTree +-- ecstatic@1.4.1
81 silly currentTree +-- ee-first@1.1.1
81 silly currentTree +-- encodeurl@1.0.1
81 silly currentTree +-- engine.io-client@1.8.4
81 silly currentTree | +-- component-emitter@1.2.1
81 silly currentTree | +-- debug@2.3.3
81 silly currentTree | +-- ms@0.7.2
81 silly currentTree | `-- ws@1.1.2
81 silly currentTree +-- engine.io-parser@1.3.2
81 silly currentTree +-- engine.io@1.8.4
81 silly currentTree | +-- debug@2.3.3
81 silly currentTree | `-- ms@0.7.2
81 silly currentTree +-- ent@2.2.0
81 silly currentTree +-- escape-html@1.0.3
81 silly currentTree +-- escape-string-regexp@1.0.5
81 silly currentTree +-- eventemitter3@1.2.0
81 silly currentTree +-- exit@0.1.2
81 silly currentTree +-- expand-braces@0.1.2
81 silly currentTree | +-- braces@0.1.5
81 silly currentTree | +-- expand-range@0.1.1
81 silly currentTree | +-- is-number@0.1.1
81 silly currentTree | `-- repeat-string@0.2.2
81 silly currentTree +-- expand-brackets@0.1.5
81 silly currentTree +-- expand-range@1.8.2
81 silly currentTree +-- extend@3.0.1
81 silly currentTree +-- extglob@0.3.2
81 silly currentTree +-- extsprintf@1.0.2
81 silly currentTree +-- filename-regex@2.0.1
81 silly currentTree +-- filereader-stream@1.0.0
81 silly currentTree +-- fill-range@2.2.3
81 silly currentTree +-- finalhandler@1.0.3
81 silly currentTree +-- for-in@1.0.2
81 silly currentTree +-- for-own@0.1.5
81 silly currentTree +-- forever-agent@0.6.1
81 silly currentTree +-- form-data@2.1.4
81 silly currentTree +-- from2@2.3.0
81 silly currentTree +-- fs-access@1.0.1
81 silly currentTree +-- fs.realpath@1.0.0
81 silly currentTree +-- getpass@0.1.7
81 silly currentTree | `-- assert-plus@1.0.0
81 silly currentTree +-- glob-base@0.3.0
81 silly currentTree +-- glob-parent@2.0.0
81 silly currentTree +-- glob@7.1.2
81 silly currentTree +-- globby@5.0.0
81 silly currentTree +-- graceful-fs@4.1.11
81 silly currentTree +-- graceful-readlink@1.0.1
81 silly currentTree +-- har-schema@1.0.5
81 silly currentTree +-- har-validator@4.2.1
81 silly currentTree +-- has-ansi@2.0.0
81 silly currentTree +-- has-binary@0.1.7
81 silly currentTree | `-- isarray@0.0.1
81 silly currentTree +-- has-cors@1.1.0
81 silly currentTree +-- hawk@3.1.3
81 silly currentTree +-- he@0.5.0
81 silly currentTree +-- hoek@2.16.3
81 silly currentTree +-- http-errors@1.6.1
81 silly currentTree +-- http-proxy@1.16.2
81 silly currentTree +-- http-server@0.9.0
81 silly currentTree +-- http-signature@1.1.1
81 silly currentTree +-- https-proxy-agent@1.0.0
81 silly currentTree +-- iconv-lite@0.4.17
81 silly currentTree +-- indexof@0.0.1
81 silly currentTree +-- inflight@1.0.6
81 silly currentTree +-- inherits@2.0.3
81 silly currentTree +-- ini@1.3.4
81 silly currentTree +-- is-binary-path@1.0.1
81 silly currentTree +-- is-buffer@1.1.5
81 silly currentTree +-- is-dotfile@1.0.3
81 silly currentTree +-- is-equal-shallow@0.1.3
81 silly currentTree +-- is-extendable@0.1.1
81 silly currentTree +-- is-extglob@1.0.0
81 silly currentTree +-- is-glob@2.0.1
81 silly currentTree +-- is-number@2.1.0
81 silly currentTree +-- is-path-cwd@1.0.0
81 silly currentTree +-- is-path-in-cwd@1.0.0
81 silly currentTree +-- is-path-inside@1.0.0
81 silly currentTree +-- is-posix-bracket@0.1.1
81 silly currentTree +-- is-primitive@2.0.0
81 silly currentTree +-- is-typedarray@1.0.0
81 silly currentTree +-- isarray@1.0.0
81 silly currentTree +-- isbinaryfile@3.0.2
81 silly currentTree +-- isexe@2.0.0
81 silly currentTree +-- isobject@2.1.0
81 silly currentTree +-- isstream@0.1.2
81 silly currentTree +-- jasmine-core@2.6.3
81 silly currentTree +-- jasmine@2.4.1
81 silly currentTree | +-- glob@3.2.11
81 silly currentTree | +-- jasmine-core@2.4.1
81 silly currentTree | `-- minimatch@0.3.0
81 silly currentTree +-- jasminewd2@0.0.10
81 silly currentTree +-- jsbn@0.1.1
81 silly currentTree +-- json-schema@0.2.3
81 silly currentTree +-- json-stable-stringify@1.0.1
81 silly currentTree +-- json-stringify-safe@5.0.1
81 silly currentTree +-- json3@3.3.2
81 silly currentTree +-- jsonify@0.0.0
81 silly currentTree +-- jsprim@1.4.0
81 silly currentTree | `-- assert-plus@1.0.0
81 silly currentTree +-- karma-chrome-launcher@0.2.3
81 silly currentTree +-- karma-firefox-launcher@0.1.7
81 silly currentTree +-- karma-jasmine@0.3.8
81 silly currentTree +-- karma-junit-reporter@0.4.2
81 silly currentTree +-- karma@0.13.22
81 silly currentTree | `-- colors@1.1.2
81 silly currentTree +-- kind-of@3.2.2
81 silly currentTree +-- lodash.assign@4.2.0
81 silly currentTree +-- lodash@3.10.1
81 silly currentTree +-- log4js@0.6.38
81 silly currentTree | +-- isarray@0.0.1
81 silly currentTree | +-- readable-stream@1.0.34
81 silly currentTree | `-- string_decoder@0.10.31
81 silly currentTree +-- lru-cache@2.2.4
81 silly currentTree +-- media-typer@0.3.0
81 silly currentTree +-- micromatch@2.3.11
81 silly currentTree +-- mime-db@1.27.0
81 silly currentTree +-- mime-types@2.1.15
81 silly currentTree +-- mime@1.3.6
81 silly currentTree +-- minimatch@3.0.4
81 silly currentTree +-- minimist@1.2.0
81 silly currentTree +-- mkdirp@0.5.1
81 silly currentTree | `-- minimist@0.0.8
81 silly currentTree +-- moment@2.18.1
81 silly currentTree +-- ms@2.0.0
81 silly currentTree +-- negotiator@0.6.1
81 silly currentTree +-- normalize-path@2.1.1
81 silly currentTree +-- null-check@1.0.0
81 silly currentTree +-- oauth-sign@0.8.2
81 silly currentTree +-- object-assign@4.1.0
81 silly currentTree +-- object-component@0.0.3
81 silly currentTree +-- object.omit@2.0.1
81 silly currentTree +-- on-finished@2.3.0
81 silly currentTree +-- once@1.4.0
81 silly currentTree +-- opener@1.4.3
81 silly currentTree +-- optimist@0.6.1
81 silly currentTree | `-- minimist@0.0.10
81 silly currentTree +-- options@0.0.6
81 silly currentTree +-- os-tmpdir@1.0.2
81 silly currentTree +-- pako@1.0.5
81 silly currentTree +-- parse-glob@3.0.4
81 silly currentTree +-- parsejson@0.0.3
81 silly currentTree +-- parseqs@0.0.5
81 silly currentTree +-- parseuri@0.0.5
81 silly currentTree +-- parseurl@1.3.1
81 silly currentTree +-- path-is-absolute@1.0.1
81 silly currentTree +-- path-is-inside@1.0.2
81 silly currentTree +-- performance-now@0.2.0
81 silly currentTree +-- pify@2.3.0
81 silly currentTree +-- pinkie-promise@2.0.1
81 silly currentTree +-- pinkie@2.0.4
81 silly currentTree +-- portfinder@0.4.0
81 silly currentTree +-- preserve@0.2.0
81 silly currentTree +-- process-nextick-args@1.0.7
81 silly currentTree +-- protractor@4.0.14
81 silly currentTree | +-- semver@5.3.0
81 silly currentTree | `-- webdriver-manager@10.3.0
81 silly currentTree +-- punycode@1.4.1
81 silly currentTree +-- q@1.4.1
81 silly currentTree +-- qs@2.3.3
81 silly currentTree +-- randomatic@1.1.6
81 silly currentTree +-- raw-body@2.2.0
81 silly currentTree | `-- iconv-lite@0.4.15
81 silly currentTree +-- readable-stream@2.2.11
81 silly currentTree +-- readdirp@2.1.0
81 silly currentTree +-- regex-cache@0.4.3
81 silly currentTree +-- remove-trailing-separator@1.0.2
81 silly currentTree +-- repeat-element@1.1.2
81 silly currentTree +-- repeat-string@1.6.1
81 silly currentTree +-- request@2.81.0
81 silly currentTree | `-- qs@6.4.0
81 silly currentTree +-- requires-port@1.0.0
81 silly currentTree +-- rimraf@2.6.1
81 silly currentTree +-- rw@1.3.3
81 silly currentTree +-- safe-buffer@5.0.1
81 silly currentTree +-- saucelabs@1.3.0
81 silly currentTree +-- sax@0.6.1
81 silly currentTree +-- selenium-webdriver@2.53.3
81 silly currentTree | +-- adm-zip@0.4.4
81 silly currentTree | `-- tmp@0.0.24
81 silly currentTree +-- semver@4.3.6
81 silly currentTree +-- set-immediate-shim@1.0.1
81 silly currentTree +-- setprototypeof@1.0.3
81 silly currentTree +-- sigmund@1.0.1
81 silly currentTree +-- sntp@1.0.9
81 silly currentTree +-- socket.io-adapter@0.5.0
81 silly currentTree | +-- debug@2.3.3
81 silly currentTree | `-- ms@0.7.2
81 silly currentTree +-- socket.io-client@1.7.4
81 silly currentTree | +-- component-emitter@1.2.1
81 silly currentTree | +-- debug@2.3.3
81 silly currentTree | `-- ms@0.7.2
81 silly currentTree +-- socket.io-parser@2.3.1
81 silly currentTree | +-- debug@2.2.0
81 silly currentTree | +-- isarray@0.0.1
81 silly currentTree | `-- ms@0.7.1
81 silly currentTree +-- socket.io@1.7.4
81 silly currentTree | +-- debug@2.3.3
81 silly currentTree | `-- ms@0.7.2
81 silly currentTree +-- source-map-support@0.4.15
81 silly currentTree +-- source-map@0.5.6
81 silly currentTree +-- sshpk@1.13.1
81 silly currentTree | `-- assert-plus@1.0.0
81 silly currentTree +-- statuses@1.3.1
81 silly currentTree +-- string_decoder@1.0.2
81 silly currentTree +-- stringstream@0.0.5
81 silly currentTree +-- strip-ansi@3.0.1
81 silly currentTree +-- supports-color@2.0.0
81 silly currentTree +-- tmp@0.0.31
81 silly currentTree +-- to-array@0.1.4
81 silly currentTree +-- tough-cookie@2.3.2
81 silly currentTree +-- tunnel-agent@0.6.0
81 silly currentTree +-- tweetnacl@0.14.5
81 silly currentTree +-- type-is@1.6.15
81 silly currentTree +-- typedarray-to-buffer@3.1.2
81 silly currentTree +-- ultron@1.0.2
81 silly currentTree +-- union@0.4.6
81 silly currentTree +-- unpipe@1.0.0
81 silly currentTree +-- url-join@1.1.0
81 silly currentTree +-- useragent@2.1.13
81 silly currentTree +-- util-deprecate@1.0.2
81 silly currentTree +-- utils-merge@1.0.0
81 silly currentTree +-- uuid@3.0.1
81 silly currentTree +-- verror@1.3.6
81 silly currentTree +-- void-elements@2.0.1
81 silly currentTree +-- which@1.2.14
81 silly currentTree +-- wordwrap@0.0.3
81 silly currentTree +-- wrappy@1.0.2
81 silly currentTree +-- ws@1.1.4
81 silly currentTree +-- wtf-8@1.0.0
81 silly currentTree +-- xml2js@0.4.4
81 silly currentTree +-- xmlbuilder@3.1.0
81 silly currentTree +-- xmlhttprequest-ssl@1.5.3
81 silly currentTree +-- xmlhttprequest@1.8.0
81 silly currentTree `-- yeast@0.1.2
82 silly idealTree angular-seed@0.0.0
82 silly idealTree +-- @types/jasmine@2.5.51
82 silly idealTree +-- @types/node@6.0.78
82 silly idealTree +-- @types/q@0.0.32
82 silly idealTree +-- @types/selenium-webdriver@2.53.37
82 silly idealTree +-- accepts@1.3.3
82 silly idealTree +-- adm-zip@0.4.7
82 silly idealTree +-- after@0.8.2
82 silly idealTree +-- agent-base@2.1.1
82 silly idealTree | `-- semver@5.0.3
82 silly idealTree +-- ajv@4.11.8
82 silly idealTree +-- ansi-regex@2.1.1
82 silly idealTree +-- ansi-styles@2.2.1
82 silly idealTree +-- anymatch@1.3.0
82 silly idealTree +-- arr-diff@2.0.0
82 silly idealTree +-- arr-flatten@1.0.3
82 silly idealTree +-- array-slice@0.2.3
82 silly idealTree +-- array-union@1.0.2
82 silly idealTree +-- array-uniq@1.0.3
82 silly idealTree +-- array-unique@0.2.1
82 silly idealTree +-- arraybuffer.slice@0.0.6
82 silly idealTree +-- arrify@1.0.1
82 silly idealTree +-- asn1@0.2.3
82 silly idealTree +-- assert-plus@0.2.0
82 silly idealTree +-- async-each@1.0.1
82 silly idealTree +-- async@0.9.0
82 silly idealTree +-- asynckit@0.4.0
82 silly idealTree +-- aws-sign2@0.6.0
82 silly idealTree +-- aws4@1.6.0
82 silly idealTree +-- backo2@1.0.2
82 silly idealTree +-- balanced-match@0.4.2
82 silly idealTree +-- base-64@0.1.0
82 silly idealTree +-- base64-arraybuffer@0.1.5
82 silly idealTree +-- base64id@1.0.0
82 silly idealTree +-- batch@0.5.3
82 silly idealTree +-- bcrypt-pbkdf@1.0.1
82 silly idealTree +-- better-assert@1.0.2
82 silly idealTree +-- binary-extensions@1.8.0
82 silly idealTree +-- blob@0.0.4
82 silly idealTree +-- bluebird@2.11.0
82 silly idealTree +-- body-parser@1.17.2
82 silly idealTree | +-- iconv-lite@0.4.15
82 silly idealTree | `-- qs@6.4.0
82 silly idealTree +-- boom@2.10.1
82 silly idealTree +-- bower@1.8.0
82 silly idealTree +-- brace-expansion@1.1.7
82 silly idealTree +-- braces@1.8.5
82 silly idealTree +-- britecharts@1.6.0
82 silly idealTree +-- bytes@2.4.0
82 silly idealTree +-- callsite@1.0.0
82 silly idealTree +-- caseless@0.12.0
82 silly idealTree +-- chalk@1.1.3
82 silly idealTree +-- chart.js@2.6.0
82 silly idealTree +-- chartjs-color-string@0.4.0
82 silly idealTree +-- chartjs-color@2.1.0
82 silly idealTree +-- chokidar@1.7.0
82 silly idealTree +-- co@4.6.0
82 silly idealTree +-- color-convert@0.5.3
82 silly idealTree +-- color-name@1.1.2
82 silly idealTree +-- colors@1.0.3
82 silly idealTree +-- combined-stream@1.0.5
82 silly idealTree +-- commander@2.9.0
82 silly idealTree +-- component-bind@1.0.0
82 silly idealTree +-- component-emitter@1.1.2
82 silly idealTree +-- component-inherit@0.0.3
82 silly idealTree +-- concat-map@0.0.1
82 silly idealTree +-- connect@3.6.2
82 silly idealTree +-- content-type@1.0.2
82 silly idealTree +-- cookie@0.3.1
82 silly idealTree +-- core-js@2.4.1
82 silly idealTree +-- core-util-is@1.0.2
82 silly idealTree +-- corser@2.0.1
82 silly idealTree +-- cryptiles@2.0.5
82 silly idealTree +-- custom-event@1.0.1
82 silly idealTree +-- d3-array@1.2.0
82 silly idealTree +-- d3-axis@1.0.7
82 silly idealTree +-- d3-brush@1.0.4
82 silly idealTree +-- d3-chord@1.0.4
82 silly idealTree +-- d3-collection@1.0.3
82 silly idealTree +-- d3-color@1.0.3
82 silly idealTree +-- d3-dispatch@1.0.3
82 silly idealTree +-- d3-drag@1.1.0
82 silly idealTree +-- d3-dsv@1.0.5
82 silly idealTree +-- d3-ease@1.0.3
82 silly idealTree +-- d3-force@1.0.6
82 silly idealTree +-- d3-format@1.2.0
82 silly idealTree +-- d3-geo@1.6.4
82 silly idealTree +-- d3-hierarchy@1.1.4
82 silly idealTree +-- d3-interpolate@1.1.5
82 silly idealTree +-- d3-path@1.0.5
82 silly idealTree +-- d3-polygon@1.0.3
82 silly idealTree +-- d3-quadtree@1.0.3
82 silly idealTree +-- d3-queue@3.0.7
82 silly idealTree +-- d3-random@1.1.0
82 silly idealTree +-- d3-request@1.0.5
82 silly idealTree +-- d3-scale@1.0.6
82 silly idealTree +-- d3-selection@1.1.0
82 silly idealTree +-- d3-shape@1.1.1
82 silly idealTree +-- d3-time-format@2.0.5
82 silly idealTree +-- d3-time@1.0.6
82 silly idealTree +-- d3-timer@1.0.5
82 silly idealTree +-- d3-transition@1.1.0
82 silly idealTree +-- d3-voronoi@1.1.2
82 silly idealTree +-- d3-zoom@1.2.0
82 silly idealTree +-- d3@4.9.1
82 silly idealTree +-- dashdash@1.14.1
82 silly idealTree | `-- assert-plus@1.0.0
82 silly idealTree +-- debug@2.6.7
82 silly idealTree +-- del@2.2.2
82 silly idealTree +-- delayed-stream@1.0.0
82 silly idealTree +-- depd@1.1.0
82 silly idealTree +-- di@0.0.1
82 silly idealTree +-- dom-serialize@2.2.1
82 silly idealTree +-- drag-and-drop-files@0.0.1
82 silly idealTree +-- ecc-jsbn@0.1.1
82 silly idealTree +-- ecstatic@1.4.1
82 silly idealTree +-- ee-first@1.1.1
82 silly idealTree +-- encodeurl@1.0.1
82 silly idealTree +-- engine.io-client@1.8.4
82 silly idealTree | +-- component-emitter@1.2.1
82 silly idealTree | +-- debug@2.3.3
82 silly idealTree | +-- ms@0.7.2
82 silly idealTree | `-- ws@1.1.2
82 silly idealTree +-- engine.io-parser@1.3.2
82 silly idealTree +-- engine.io@1.8.4
82 silly idealTree | +-- debug@2.3.3
82 silly idealTree | `-- ms@0.7.2
82 silly idealTree +-- ent@2.2.0
82 silly idealTree +-- escape-html@1.0.3
82 silly idealTree +-- escape-string-regexp@1.0.5
82 silly idealTree +-- eventemitter3@1.2.0
82 silly idealTree +-- exit@0.1.2
82 silly idealTree +-- expand-braces@0.1.2
82 silly idealTree | +-- braces@0.1.5
82 silly idealTree | +-- expand-range@0.1.1
82 silly idealTree | +-- is-number@0.1.1
82 silly idealTree | `-- repeat-string@0.2.2
82 silly idealTree +-- expand-brackets@0.1.5
82 silly idealTree +-- expand-range@1.8.2
82 silly idealTree +-- extend@3.0.1
82 silly idealTree +-- extglob@0.3.2
82 silly idealTree +-- extsprintf@1.0.2
82 silly idealTree +-- filename-regex@2.0.1
82 silly idealTree +-- filereader-stream@1.0.0
82 silly idealTree +-- fill-range@2.2.3
82 silly idealTree +-- finalhandler@1.0.3
82 silly idealTree +-- for-in@1.0.2
82 silly idealTree +-- for-own@0.1.5
82 silly idealTree +-- forever-agent@0.6.1
82 silly idealTree +-- form-data@2.1.4
82 silly idealTree +-- from2@2.3.0
82 silly idealTree +-- fs-access@1.0.1
82 silly idealTree +-- fs.realpath@1.0.0
82 silly idealTree +-- getpass@0.1.7
82 silly idealTree | `-- assert-plus@1.0.0
82 silly idealTree +-- glob-base@0.3.0
82 silly idealTree +-- glob-parent@2.0.0
82 silly idealTree +-- glob@7.1.2
82 silly idealTree +-- globby@5.0.0
82 silly idealTree +-- graceful-fs@4.1.11
82 silly idealTree +-- graceful-readlink@1.0.1
82 silly idealTree +-- har-schema@1.0.5
82 silly idealTree +-- har-validator@4.2.1
82 silly idealTree +-- has-ansi@2.0.0
82 silly idealTree +-- has-binary@0.1.7
82 silly idealTree | `-- isarray@0.0.1
82 silly idealTree +-- has-cors@1.1.0
82 silly idealTree +-- hawk@3.1.3
82 silly idealTree +-- he@0.5.0
82 silly idealTree +-- hoek@2.16.3
82 silly idealTree +-- http-errors@1.6.1
82 silly idealTree +-- http-proxy@1.16.2
82 silly idealTree +-- http-server@0.9.0
82 silly idealTree +-- http-signature@1.1.1
82 silly idealTree +-- https-proxy-agent@1.0.0
82 silly idealTree +-- iconv-lite@0.4.17
82 silly idealTree +-- indexof@0.0.1
82 silly idealTree +-- inflight@1.0.6
82 silly idealTree +-- inherits@2.0.3
82 silly idealTree +-- ini@1.3.4
82 silly idealTree +-- is-binary-path@1.0.1
82 silly idealTree +-- is-buffer@1.1.5
82 silly idealTree +-- is-dotfile@1.0.3
82 silly idealTree +-- is-equal-shallow@0.1.3
82 silly idealTree +-- is-extendable@0.1.1
82 silly idealTree +-- is-extglob@1.0.0
82 silly idealTree +-- is-glob@2.0.1
82 silly idealTree +-- is-number@2.1.0
82 silly idealTree +-- is-path-cwd@1.0.0
82 silly idealTree +-- is-path-in-cwd@1.0.0
82 silly idealTree +-- is-path-inside@1.0.0
82 silly idealTree +-- is-posix-bracket@0.1.1
82 silly idealTree +-- is-primitive@2.0.0
82 silly idealTree +-- is-typedarray@1.0.0
82 silly idealTree +-- isarray@1.0.0
82 silly idealTree +-- isbinaryfile@3.0.2
82 silly idealTree +-- isexe@2.0.0
82 silly idealTree +-- isobject@2.1.0
82 silly idealTree +-- isstream@0.1.2
82 silly idealTree +-- jasmine-core@2.6.3
82 silly idealTree +-- jasmine@2.4.1
82 silly idealTree | +-- glob@3.2.11
82 silly idealTree | +-- jasmine-core@2.4.1
82 silly idealTree | `-- minimatch@0.3.0
82 silly idealTree +-- jasminewd2@0.0.10
82 silly idealTree +-- jsbn@0.1.1
82 silly idealTree +-- json-schema@0.2.3
82 silly idealTree +-- json-stable-stringify@1.0.1
82 silly idealTree +-- json-stringify-safe@5.0.1
82 silly idealTree +-- json3@3.3.2
82 silly idealTree +-- jsonify@0.0.0
82 silly idealTree +-- jsprim@1.4.0
82 silly idealTree | `-- assert-plus@1.0.0
82 silly idealTree +-- karma-chrome-launcher@0.2.3
82 silly idealTree +-- karma-firefox-launcher@0.1.7
82 silly idealTree +-- karma-jasmine@0.3.8
82 silly idealTree +-- karma-junit-reporter@0.4.2
82 silly idealTree +-- karma@0.13.22
82 silly idealTree | `-- colors@1.1.2
82 silly idealTree +-- kind-of@3.2.2
82 silly idealTree +-- lodash.assign@4.2.0
82 silly idealTree +-- lodash@3.10.1
82 silly idealTree +-- log4js@0.6.38
82 silly idealTree | +-- isarray@0.0.1
82 silly idealTree | +-- readable-stream@1.0.34
82 silly idealTree | `-- string_decoder@0.10.31
82 silly idealTree +-- lru-cache@2.2.4
82 silly idealTree +-- media-typer@0.3.0
82 silly idealTree +-- micromatch@2.3.11
82 silly idealTree +-- mime-db@1.27.0
82 silly idealTree +-- mime-types@2.1.15
82 silly idealTree +-- mime@1.3.6
82 silly idealTree +-- minimatch@3.0.4
82 silly idealTree +-- minimist@1.2.0
82 silly idealTree +-- mkdirp@0.5.1
82 silly idealTree | `-- minimist@0.0.8
82 silly idealTree +-- moment@2.18.1
82 silly idealTree +-- ms@2.0.0
82 silly idealTree +-- negotiator@0.6.1
82 silly idealTree +-- normalize-path@2.1.1
82 silly idealTree +-- null-check@1.0.0
82 silly idealTree +-- oauth-sign@0.8.2
82 silly idealTree +-- object-assign@4.1.0
82 silly idealTree +-- object-component@0.0.3
82 silly idealTree +-- object.omit@2.0.1
82 silly idealTree +-- on-finished@2.3.0
82 silly idealTree +-- once@1.4.0
82 silly idealTree +-- opener@1.4.3
82 silly idealTree +-- optimist@0.6.1
82 silly idealTree | `-- minimist@0.0.10
82 silly idealTree +-- options@0.0.6
82 silly idealTree +-- os-tmpdir@1.0.2
82 silly idealTree +-- pako@1.0.5
82 silly idealTree +-- parse-glob@3.0.4
82 silly idealTree +-- parsejson@0.0.3
82 silly idealTree +-- parseqs@0.0.5
82 silly idealTree +-- parseuri@0.0.5
82 silly idealTree +-- parseurl@1.3.1
82 silly idealTree +-- path-is-absolute@1.0.1
82 silly idealTree +-- path-is-inside@1.0.2
82 silly idealTree +-- performance-now@0.2.0
82 silly idealTree +-- pify@2.3.0
82 silly idealTree +-- pinkie-promise@2.0.1
82 silly idealTree +-- pinkie@2.0.4
82 silly idealTree +-- portfinder@0.4.0
82 silly idealTree +-- preserve@0.2.0
82 silly idealTree +-- process-nextick-args@1.0.7
82 silly idealTree +-- protractor@4.0.14
82 silly idealTree | +-- semver@5.3.0
82 silly idealTree | `-- webdriver-manager@10.3.0
82 silly idealTree +-- punycode@1.4.1
82 silly idealTree +-- q@1.4.1
82 silly idealTree +-- qs@2.3.3
82 silly idealTree +-- randomatic@1.1.6
82 silly idealTree +-- raw-body@2.2.0
82 silly idealTree | `-- iconv-lite@0.4.15
82 silly idealTree +-- readable-stream@2.2.11
82 silly idealTree +-- readdirp@2.1.0
82 silly idealTree +-- regex-cache@0.4.3
82 silly idealTree +-- remove-trailing-separator@1.0.2
82 silly idealTree +-- repeat-element@1.1.2
82 silly idealTree +-- repeat-string@1.6.1
82 silly idealTree +-- request@2.81.0
82 silly idealTree | `-- qs@6.4.0
82 silly idealTree +-- requires-port@1.0.0
82 silly idealTree +-- rimraf@2.6.1
82 silly idealTree +-- rw@1.3.3
82 silly idealTree +-- safe-buffer@5.0.1
82 silly idealTree +-- saucelabs@1.3.0
82 silly idealTree +-- sax@0.6.1
82 silly idealTree +-- selenium-webdriver@2.53.3
82 silly idealTree | +-- adm-zip@0.4.4
82 silly idealTree | `-- tmp@0.0.24
82 silly idealTree +-- semver@4.3.6
82 silly idealTree +-- set-immediate-shim@1.0.1
82 silly idealTree +-- setprototypeof@1.0.3
82 silly idealTree +-- sigmund@1.0.1
82 silly idealTree +-- sntp@1.0.9
82 silly idealTree +-- socket.io-adapter@0.5.0
82 silly idealTree | +-- debug@2.3.3
82 silly idealTree | `-- ms@0.7.2
82 silly idealTree +-- socket.io-client@1.7.4
82 silly idealTree | +-- component-emitter@1.2.1
82 silly idealTree | +-- debug@2.3.3
82 silly idealTree | `-- ms@0.7.2
82 silly idealTree +-- socket.io-parser@2.3.1
82 silly idealTree | +-- debug@2.2.0
82 silly idealTree | +-- isarray@0.0.1
82 silly idealTree | `-- ms@0.7.1
82 silly idealTree +-- socket.io@1.7.4
82 silly idealTree | +-- debug@2.3.3
82 silly idealTree | `-- ms@0.7.2
82 silly idealTree +-- source-map-support@0.4.15
82 silly idealTree +-- source-map@0.5.6
82 silly idealTree +-- sshpk@1.13.1
82 silly idealTree | `-- assert-plus@1.0.0
82 silly idealTree +-- statuses@1.3.1
82 silly idealTree +-- string_decoder@1.0.2
82 silly idealTree +-- stringstream@0.0.5
82 silly idealTree +-- strip-ansi@3.0.1
82 silly idealTree +-- supports-color@2.0.0
82 silly idealTree +-- tmp@0.0.31
82 silly idealTree +-- to-array@0.1.4
82 silly idealTree +-- tough-cookie@2.3.2
82 silly idealTree +-- tunnel-agent@0.6.0
82 silly idealTree +-- tweetnacl@0.14.5
82 silly idealTree +-- type-is@1.6.15
82 silly idealTree +-- typedarray-to-buffer@3.1.2
82 silly idealTree +-- ultron@1.0.2
82 silly idealTree +-- union@0.4.6
82 silly idealTree +-- unpipe@1.0.0
82 silly idealTree +-- url-join@1.1.0
82 silly idealTree +-- useragent@2.1.13
82 silly idealTree +-- util-deprecate@1.0.2
82 silly idealTree +-- utils-merge@1.0.0
82 silly idealTree +-- uuid@3.0.1
82 silly idealTree +-- verror@1.3.6
82 silly idealTree +-- void-elements@2.0.1
82 silly idealTree +-- which@1.2.14
82 silly idealTree +-- wordwrap@0.0.3
82 silly idealTree +-- wrappy@1.0.2
82 silly idealTree +-- ws@1.1.4
82 silly idealTree +-- wtf-8@1.0.0
82 silly idealTree +-- xml2js@0.4.4
82 silly idealTree +-- xmlbuilder@3.1.0
82 silly idealTree +-- xmlhttprequest-ssl@1.5.3
82 silly idealTree +-- xmlhttprequest@1.8.0
82 silly idealTree +-- yeast@0.1.2
82 silly idealTree `-- zlib@1.0.5
83 silly generateActionsToTake Starting
84 silly install generateActionsToTake
85 silly generateActionsToTake Finishing
86 silly diffTrees action count 1
87 silly diffTrees add zlib@1.0.5
88 silly decomposeActions action count 8
89 silly decomposeActions fetch zlib@1.0.5
90 silly decomposeActions extract zlib@1.0.5
91 silly decomposeActions test zlib@1.0.5
92 silly decomposeActions preinstall zlib@1.0.5
93 silly decomposeActions build zlib@1.0.5
94 silly decomposeActions install zlib@1.0.5
95 silly decomposeActions postinstall zlib@1.0.5
96 silly decomposeActions finalize zlib@1.0.5
97 silly runTopLevelLifecycles Starting
98 silly executeActions Starting
99 silly install executeActions
100 silly doSerial global-install 0
101 silly doParallel fetch 1
102 verbose correctMkdir C:\Users\andre\AppData\Roaming\npm-cache\_locks correctMkdir not in flight; initializing
103 verbose lock using C:\Users\andre\AppData\Roaming\npm-cache\_locks\staging-7c8e5970cd6b2a30.lock for C:\Users\andre\WebstormProjects\SMT\SMTGroup2\Viz\node_modules\.staging
104 silly doParallel extract 1
105 silly extract zlib@1.0.5
106 verbose unbuild node_modules\.staging\zlib-d9c31fc6
107 silly gentlyRm C:\Users\andre\WebstormProjects\SMT\SMTGroup2\Viz\node_modules\.staging\zlib-d9c31fc6 is being purged from base C:\Users\andre\WebstormProjects\SMT\SMTGroup2\Viz
108 verbose gentlyRm don't care about contents; nuking C:\Users\andre\WebstormProjects\SMT\SMTGroup2\Viz\node_modules\.staging\zlib-d9c31fc6
109 verbose tar unpack C:\Users\andre\AppData\Roaming\npm-cache\zlib\1.0.5\package.tgz
110 verbose tar unpacking to C:\Users\andre\WebstormProjects\SMT\SMTGroup2\Viz\node_modules\.staging\zlib-d9c31fc6
111 silly gentlyRm C:\Users\andre\WebstormProjects\SMT\SMTGroup2\Viz\node_modules\.staging\zlib-d9c31fc6 is being purged
112 verbose gentlyRm don't care about contents; nuking C:\Users\andre\WebstormProjects\SMT\SMTGroup2\Viz\node_modules\.staging\zlib-d9c31fc6
113 silly gunzTarPerm modes [ '777', '666' ]
114 silly gunzTarPerm extractEntry .gitignore
115 silly gunzTarPerm modified mode [ '.gitignore', 420, 438 ]
116 silly gunzTarPerm extractEntry configure
117 silly gunzTarPerm modified mode [ 'configure', 493, 511 ]
118 silly gunzTarPerm extractEntry index.js
119 silly gunzTarPerm modified mode [ 'index.js', 420, 438 ]
120 silly gunzTarPerm extractEntry LICENSE
121 silly gunzTarPerm modified mode [ 'LICENSE', 420, 438 ]
122 silly gunzTarPerm extractEntry Makefile
123 silly gunzTarPerm modified mode [ 'Makefile', 420, 438 ]
124 silly gunzTarPerm extractEntry package.json
125 silly gunzTarPerm modified mode [ 'package.json', 420, 438 ]
126 silly gunzTarPerm extractEntry README.md
127 silly gunzTarPerm modified mode [ 'README.md', 420, 438 ]
128 silly gunzTarPerm extractEntry wscript
129 silly gunzTarPerm modified mode [ 'wscript', 420, 438 ]
130 silly gunzTarPerm extractEntry lib/zlib.js
131 silly gunzTarPerm modified mode [ 'lib/zlib.js', 420, 438 ]
132 silly gunzTarPerm extractEntry src/node-zlib.cc
133 silly gunzTarPerm modified mode [ 'src/node-zlib.cc', 420, 438 ]
134 silly gunzTarPerm extractEntry test/deflate.test.js
135 silly gunzTarPerm modified mode [ 'test/deflate.test.js', 420, 438 ]
136 silly gunzTarPerm extractEntry test/inflate.test.js
137 silly gunzTarPerm modified mode [ 'test/inflate.test.js', 420, 438 ]
138 silly gentlyRm C:\Users\andre\WebstormProjects\SMT\SMTGroup2\Viz\node_modules\.staging\zlib-d9c31fc6\node_modules is being purged
139 verbose gentlyRm don't care about contents; nuking C:\Users\andre\WebstormProjects\SMT\SMTGroup2\Viz\node_modules\.staging\zlib-d9c31fc6\node_modules
140 silly doParallel preinstall 1
141 silly preinstall zlib@1.0.5 C:\Users\andre\WebstormProjects\SMT\SMTGroup2\Viz\node_modules\.staging\zlib-d9c31fc6
142 info lifecycle zlib@1.0.5~preinstall: zlib@1.0.5
143 verbose lifecycle zlib@1.0.5~preinstall: unsafe-perm in lifecycle true
144 verbose lifecycle zlib@1.0.5~preinstall: PATH: C:\Program Files\nodejs\node_modules\npm\bin\node-gyp-bin;C:\Users\andre\WebstormProjects\SMT\SMTGroup2\Viz\node_modules\.staging\zlib-d9c31fc6\node_modules\.bin;C:\Users\andre\WebstormProjects\SMT\SMTGroup2\Viz\node_modules\.bin;C:\ProgramData\Oracle\Java\javapath;C:\Program Files (x86)\Intel\iCLS Client\;C:\Program Files\Intel\iCLS Client\;C:\Windows\system32;C:\Windows;C:\Windows\System32\Wbem;C:\Windows\System32\WindowsPowerShell\v1.0\;C:\Program Files (x86)\Intel\Intel(R) Management Engine Components\DAL;C:\Program Files\Intel\Intel(R) Management Engine Components\DAL;C:\Program Files (x86)\Intel\Intel(R) Management Engine Components\IPT;C:\Program Files\Intel\Intel(R) Management Engine Components\IPT;C:\Program Files (x86)\NVIDIA Corporation\PhysX\Common;C:\Program Files\nodejs\;C:\Program Files (x86)\GtkSharp\2.12\bin;C:\Program Files\Git\cmd;C:\Users\andre\AppData\Local\Programs\Python\Python36\Scripts\;C:\Users\andre\AppData\Local\Programs\Python\Python36\;C:\Users\andre\AppData\Local\Microsoft\WindowsApps;C:\Users\andre\AppData\Roaming\npm
145 verbose lifecycle zlib@1.0.5~preinstall: CWD: C:\Users\andre\WebstormProjects\SMT\SMTGroup2\Viz\node_modules\.staging\zlib-d9c31fc6
146 silly lifecycle zlib@1.0.5~preinstall: Args: [ '/d /s /c',
146 silly lifecycle   'node-waf clean || true; node-waf configure build' ]
147 silly lifecycle zlib@1.0.5~preinstall: Returned: code: 1  signal: null
148 info lifecycle zlib@1.0.5~preinstall: Failed to exec preinstall script
149 verbose unlock done using C:\Users\andre\AppData\Roaming\npm-cache\_locks\staging-7c8e5970cd6b2a30.lock for C:\Users\andre\WebstormProjects\SMT\SMTGroup2\Viz\node_modules\.staging
150 silly rollbackFailedOptional Starting
151 silly rollbackFailedOptional Finishing
152 silly runTopLevelLifecycles Finishing
153 silly install printInstalled
154 warn optional SKIPPING OPTIONAL DEPENDENCY: fsevents@^1.0.0 (node_modules\chokidar\node_modules\fsevents):
155 warn notsup SKIPPING OPTIONAL DEPENDENCY: Unsupported platform for fsevents@1.1.1: wanted {"os":"darwin","arch":"any"} (current: {"os":"win32","arch":"x64"})
156 verbose notsup SKIPPING OPTIONAL DEPENDENCY: Valid OS:    darwin
156 verbose notsup SKIPPING OPTIONAL DEPENDENCY: Valid Arch:  any
156 verbose notsup SKIPPING OPTIONAL DEPENDENCY: Actual OS:   win32
156 verbose notsup SKIPPING OPTIONAL DEPENDENCY: Actual Arch: x64
157 verbose stack Error: zlib@1.0.5 preinstall: `node-waf clean || true; node-waf configure build`
157 verbose stack Exit status 1
157 verbose stack     at EventEmitter.<anonymous> (C:\Program Files\nodejs\node_modules\npm\lib\utils\lifecycle.js:255:16)
157 verbose stack     at emitTwo (events.js:106:13)
157 verbose stack     at EventEmitter.emit (events.js:191:7)
157 verbose stack     at ChildProcess.<anonymous> (C:\Program Files\nodejs\node_modules\npm\lib\utils\spawn.js:40:14)
157 verbose stack     at emitTwo (events.js:106:13)
157 verbose stack     at ChildProcess.emit (events.js:191:7)
157 verbose stack     at maybeClose (internal/child_process.js:877:16)
157 verbose stack     at Process.ChildProcess._handle.onexit (internal/child_process.js:226:5)
158 verbose pkgid zlib@1.0.5
159 verbose cwd C:\Users\andre\WebstormProjects\SMT\SMTGroup2\Viz
160 error Windows_NT 10.0.14393
161 error argv "C:\\Program Files\\nodejs\\node.exe" "C:\\Program Files\\nodejs\\node_modules\\npm\\bin\\npm-cli.js" "install" "zlib"
162 error node v6.9.4
163 error npm  v3.10.10
164 error code ELIFECYCLE
165 error zlib@1.0.5 preinstall: `node-waf clean || true; node-waf configure build`
165 error Exit status 1
166 error Failed at the zlib@1.0.5 preinstall script 'node-waf clean || true; node-waf configure build'.
166 error Make sure you have the latest version of node.js and npm installed.
166 error If you do, this is most likely a problem with the zlib package,
166 error not with npm itself.
166 error Tell the author that this fails on your system:
166 error     node-waf clean || true; node-waf configure build
166 error You can get information on how to open an issue for this project with:
166 error     npm bugs zlib
166 error Or if that isn't available, you can get their info via:
166 error     npm owner ls zlib
166 error There is likely additional logging output above.
167 verbose exit [ 1, true ]
